<?xml version="1.0" encoding="UTF-8"?>
<!-- Generated by org.testng.reporters.JUnitReportReporter -->
<testsuite hostname="LAPTOP-CA6MRHFT" failures="0" tests="1" name="Module1_Login_Test.SwagLabLoginTest" time="8.161" errors="0" timestamp="2024-12-22T16:27:35 IST" skipped="0">
  <testcase classname="Module1_Login_Test.SwagLabLoginTest" name="verifyLogo" time="8.161"/>
</testsuite> <!-- Module1_Login_Test.SwagLabLoginTest -->
