<?xml version="1.0" encoding="UTF-8"?>
<!-- Generated by org.testng.reporters.JUnitReportReporter -->
<testsuite hostname="LAPTOP-CA6MRHFT" failures="0" tests="1" name="Module1_Login_Test.SwagLabLoginTest" time="7.539" errors="0" timestamp="2024-12-22T17:06:59 IST" skipped="0">
  <testcase classname="Module1_Login_Test.SwagLabLoginTest" name="verifyLogo" time="7.539"/>
</testsuite> <!-- Module1_Login_Test.SwagLabLoginTest -->
